0 verbose cli C:\Program Files\nodejs\node.exe C:\Program Files\nodejs\node_modules\npm\bin\npm-cli.js
1 info using npm@10.9.3
2 info using node@v22.20.0
3 silly config load:file:C:\Program Files\nodejs\node_modules\npm\npmrc
4 silly config load:file:E:\ME-RIISE enthroprosis\arogyamitra-react\.npmrc
5 silly config load:file:C:\Users\user\.npmrc
6 silly config load:file:E:\npm-global\etc\npmrc
7 verbose title npm run build
8 verbose argv "run" "build"
9 verbose logfile logs-max:10 dir:E:\ME-RIISE enthroprosis\arogyamitra-react\.npm-cache\_logs\2026-03-10T16_59_39_116Z-
10 verbose logfile E:\ME-RIISE enthroprosis\arogyamitra-react\.npm-cache\_logs\2026-03-10T16_59_39_116Z-debug-0.log
11 silly logfile start cleaning logs, removing 1 files
12 silly logfile done cleaning log files
13 verbose stack TypeError [ERR_INVALID_ARG_TYPE]: The "file" argument must be of type string. Received undefined
13 verbose stack     at normalizeSpawnArguments (node:child_process:567:3)
13 verbose stack     at spawn (node:child_process:780:13)
13 verbose stack     at promiseSpawn (C:\Program Files\nodejs\node_modules\npm\node_modules\@npmcli\promise-spawn\lib\index.js:39:16)
13 verbose stack     at spawnWithShell (C:\Program Files\nodejs\node_modules\npm\node_modules\@npmcli\promise-spawn\lib\index.js:124:10)
13 verbose stack     at promiseSpawn (C:\Program Files\nodejs\node_modules\npm\node_modules\@npmcli\promise-spawn\lib\index.js:12:12)
13 verbose stack     at runScriptPkg (C:\Program Files\nodejs\node_modules\npm\node_modules\@npmcli\run-script\lib\run-script-pkg.js:79:13)
13 verbose stack     at runScript (C:\Program Files\nodejs\node_modules\npm\node_modules\@npmcli\run-script\lib\run-script.js:9:12)
13 verbose stack     at #run (C:\Program Files\nodejs\node_modules\npm\lib\commands\run-script.js:131:13)
13 verbose stack     at async RunScript.exec (C:\Program Files\nodejs\node_modules\npm\lib\commands\run-script.js:40:7)
13 verbose stack     at async Npm.exec (C:\Program Files\nodejs\node_modules\npm\lib\npm.js:207:9)
14 error code ERR_INVALID_ARG_TYPE
15 error The "file" argument must be of type string. Received undefined
16 verbose cwd E:\ME-RIISE enthroprosis\arogyamitra-react
17 verbose os Windows_NT 10.0.26100
18 verbose node v22.20.0
19 verbose npm  v10.9.3
20 verbose exit 1
21 verbose code 1
22 error A complete log of this run can be found in: E:\ME-RIISE enthroprosis\arogyamitra-react\.npm-cache\_logs\2026-03-10T16_59_39_116Z-debug-0.log
