0 verbose cli C:\Program Files\nodejs\node.exe C:\Program Files\nodejs\node_modules\npm\bin\npm-cli.js
1 info using npm@10.9.3
2 info using node@v22.20.0
3 silly config load:file:C:\Program Files\nodejs\node_modules\npm\npmrc
4 silly config load:file:E:\ME-RIISE enthroprosis\arogyamitra-react\.npmrc
5 silly config load:file:C:\Users\user\.npmrc
6 silly config load:file:E:\npm-global\etc\npmrc
7 verbose title npm install
8 verbose argv "install"
9 verbose logfile logs-max:10 dir:E:\ME-RIISE enthroprosis\arogyamitra-react\.npm-cache\_logs\2026-03-10T12_14_17_283Z-
10 verbose logfile E:\ME-RIISE enthroprosis\arogyamitra-react\.npm-cache\_logs\2026-03-10T12_14_17_283Z-debug-0.log
11 silly logfile start cleaning logs, removing 1 files
12 silly packumentCache heap:2197815296 maxSize:549453824 maxEntrySize:274726912
13 silly logfile done cleaning log files
14 silly idealTree buildDeps
15 silly reify moves {}
16 silly audit bulk request {
16 silly audit   '@babel/code-frame': [ '7.27.1' ],
16 silly audit   '@babel/compat-data': [ '7.28.5' ],
16 silly audit   '@babel/core': [ '7.28.5' ],
16 silly audit   '@babel/generator': [ '7.28.5' ],
16 silly audit   '@babel/helper-compilation-targets': [ '7.27.2' ],
16 silly audit   '@babel/helper-globals': [ '7.28.0' ],
16 silly audit   '@babel/helper-module-imports': [ '7.27.1' ],
16 silly audit   '@babel/helper-module-transforms': [ '7.28.3' ],
16 silly audit   '@babel/helper-plugin-utils': [ '7.27.1' ],
16 silly audit   '@babel/helper-string-parser': [ '7.27.1' ],
16 silly audit   '@babel/helper-validator-identifier': [ '7.28.5' ],
16 silly audit   '@babel/helper-validator-option': [ '7.27.1' ],
16 silly audit   '@babel/helpers': [ '7.28.4' ],
16 silly audit   '@babel/parser': [ '7.28.5' ],
16 silly audit   '@babel/plugin-transform-react-jsx-self': [ '7.27.1' ],
16 silly audit   '@babel/plugin-transform-react-jsx-source': [ '7.27.1' ],
16 silly audit   '@babel/template': [ '7.27.2' ],
16 silly audit   '@babel/traverse': [ '7.28.5' ],
16 silly audit   '@babel/types': [ '7.28.5' ],
16 silly audit   '@esbuild/aix-ppc64': [ '0.21.5' ],
16 silly audit   '@esbuild/android-arm': [ '0.21.5' ],
16 silly audit   '@esbuild/android-arm64': [ '0.21.5' ],
16 silly audit   '@esbuild/android-x64': [ '0.21.5' ],
16 silly audit   '@esbuild/darwin-arm64': [ '0.21.5' ],
16 silly audit   '@esbuild/darwin-x64': [ '0.21.5' ],
16 silly audit   '@esbuild/freebsd-arm64': [ '0.21.5' ],
16 silly audit   '@esbuild/freebsd-x64': [ '0.21.5' ],
16 silly audit   '@esbuild/linux-arm': [ '0.21.5' ],
16 silly audit   '@esbuild/linux-arm64': [ '0.21.5' ],
16 silly audit   '@esbuild/linux-ia32': [ '0.21.5' ],
16 silly audit   '@esbuild/linux-loong64': [ '0.21.5' ],
16 silly audit   '@esbuild/linux-mips64el': [ '0.21.5' ],
16 silly audit   '@esbuild/linux-ppc64': [ '0.21.5' ],
16 silly audit   '@esbuild/linux-riscv64': [ '0.21.5' ],
16 silly audit   '@esbuild/linux-s390x': [ '0.21.5' ],
16 silly audit   '@esbuild/linux-x64': [ '0.21.5' ],
16 silly audit   '@esbuild/netbsd-x64': [ '0.21.5' ],
16 silly audit   '@esbuild/openbsd-x64': [ '0.21.5' ],
16 silly audit   '@esbuild/sunos-x64': [ '0.21.5' ],
16 silly audit   '@esbuild/win32-arm64': [ '0.21.5' ],
16 silly audit   '@esbuild/win32-ia32': [ '0.21.5' ],
16 silly audit   '@esbuild/win32-x64': [ '0.21.5' ],
16 silly audit   '@eslint-community/eslint-utils': [ '4.9.0' ],
16 silly audit   '@eslint-community/regexpp': [ '4.12.2' ],
16 silly audit   '@eslint/eslintrc': [ '2.1.4' ],
16 silly audit   '@eslint/js': [ '8.57.1' ],
16 silly audit   '@humanwhocodes/config-array': [ '0.13.0' ],
16 silly audit   '@humanwhocodes/module-importer': [ '1.0.1' ],
16 silly audit   '@humanwhocodes/object-schema': [ '2.0.3' ],
16 silly audit   '@jridgewell/gen-mapping': [ '0.3.13' ],
16 silly audit   '@jridgewell/remapping': [ '2.3.5' ],
16 silly audit   '@jridgewell/resolve-uri': [ '3.1.2' ],
16 silly audit   '@jridgewell/sourcemap-codec': [ '1.5.5' ],
16 silly audit   '@jridgewell/trace-mapping': [ '0.3.31' ],
16 silly audit   '@nodelib/fs.scandir': [ '2.1.5' ],
16 silly audit   '@nodelib/fs.stat': [ '2.0.5' ],
16 silly audit   '@nodelib/fs.walk': [ '1.2.8' ],
16 silly audit   '@remix-run/router': [ '1.23.1' ],
16 silly audit   '@rolldown/pluginutils': [ '1.0.0-beta.27' ],
16 silly audit   '@rollup/rollup-android-arm-eabi': [ '4.53.3' ],
16 silly audit   '@rollup/rollup-android-arm64': [ '4.53.3' ],
16 silly audit   '@rollup/rollup-darwin-arm64': [ '4.53.3' ],
16 silly audit   '@rollup/rollup-darwin-x64': [ '4.53.3' ],
16 silly audit   '@rollup/rollup-freebsd-arm64': [ '4.53.3' ],
16 silly audit   '@rollup/rollup-freebsd-x64': [ '4.53.3' ],
16 silly audit   '@rollup/rollup-linux-arm-gnueabihf': [ '4.53.3' ],
16 silly audit   '@rollup/rollup-linux-arm-musleabihf': [ '4.53.3' ],
16 silly audit   '@rollup/rollup-linux-arm64-gnu': [ '4.53.3' ],
16 silly audit   '@rollup/rollup-linux-arm64-musl': [ '4.53.3' ],
16 silly audit   '@rollup/rollup-linux-loong64-gnu': [ '4.53.3' ],
16 silly audit   '@rollup/rollup-linux-ppc64-gnu': [ '4.53.3' ],
16 silly audit   '@rollup/rollup-linux-riscv64-gnu': [ '4.53.3' ],
16 silly audit   '@rollup/rollup-linux-riscv64-musl': [ '4.53.3' ],
16 silly audit   '@rollup/rollup-linux-s390x-gnu': [ '4.53.3' ],
16 silly audit   '@rollup/rollup-linux-x64-gnu': [ '4.53.3' ],
16 silly audit   '@rollup/rollup-linux-x64-musl': [ '4.53.3' ],
16 silly audit   '@rollup/rollup-openharmony-arm64': [ '4.53.3' ],
16 silly audit   '@rollup/rollup-win32-arm64-msvc': [ '4.53.3' ],
16 silly audit   '@rollup/rollup-win32-ia32-msvc': [ '4.53.3' ],
16 silly audit   '@rollup/rollup-win32-x64-gnu': [ '4.53.3' ],
16 silly audit   '@rollup/rollup-win32-x64-msvc': [ '4.53.3' ],
16 silly audit   '@types/babel__core': [ '7.20.5' ],
16 silly audit   '@types/babel__generator': [ '7.27.0' ],
16 silly audit   '@types/babel__template': [ '7.4.4' ],
16 silly audit   '@types/babel__traverse': [ '7.28.0' ],
16 silly audit   '@types/estree': [ '1.0.8' ],
16 silly audit   '@types/prop-types': [ '15.7.15' ],
16 silly audit   '@types/react': [ '18.3.27' ],
16 silly audit   '@types/react-dom': [ '18.3.7' ],
16 silly audit   '@ungap/structured-clone': [ '1.3.0' ],
16 silly audit   '@vitejs/plugin-react': [ '4.7.0' ],
16 silly audit   acorn: [ '8.15.0' ],
16 silly audit   'acorn-jsx': [ '5.3.2' ],
16 silly audit   ajv: [ '6.12.6' ],
16 silly audit   'ansi-regex': [ '5.0.1' ],
16 silly audit   'ansi-styles': [ '4.3.0' ],
16 silly audit   argparse: [ '2.0.1' ],
16 silly audit   'array-buffer-byte-length': [ '1.0.2' ],
16 silly audit   'array-includes': [ '3.1.9' ],
16 silly audit   'array.prototype.findlast': [ '1.2.5' ],
16 silly audit   'array.prototype.flat': [ '1.3.3' ],
16 silly audit   'array.prototype.flatmap': [ '1.3.3' ],
16 silly audit   'array.prototype.tosorted': [ '1.1.4' ],
16 silly audit   'arraybuffer.prototype.slice': [ '1.0.4' ],
16 silly audit   'async-function': [ '1.0.0' ],
16 silly audit   'available-typed-arrays': [ '1.0.7' ],
16 silly audit   'balanced-match': [ '1.0.2' ],
16 silly audit   'baseline-browser-mapping': [ '2.9.5' ],
16 silly audit   'brace-expansion': [ '1.1.12' ],
16 silly audit   browserslist: [ '4.28.1' ],
16 silly audit   'call-bind': [ '1.0.8' ],
16 silly audit   'call-bind-apply-helpers': [ '1.0.2' ],
16 silly audit   'call-bound': [ '1.0.4' ],
16 silly audit   callsites: [ '3.1.0' ],
16 silly audit   'caniuse-lite': [ '1.0.30001760' ],
16 silly audit   chalk: [ '4.1.2' ],
16 silly audit   'color-convert': [ '2.0.1' ],
16 silly audit   'color-name': [ '1.1.4' ],
16 silly audit   'concat-map': [ '0.0.1' ],
16 silly audit   'convert-source-map': [ '2.0.0' ],
16 silly audit   'cross-spawn': [ '7.0.6' ],
16 silly audit   csstype: [ '3.2.3' ],
16 silly audit   'data-view-buffer': [ '1.0.2' ],
16 silly audit   'data-view-byte-length': [ '1.0.2' ],
16 silly audit   'data-view-byte-offset': [ '1.0.1' ],
16 silly audit   debug: [ '4.4.3' ],
16 silly audit   'deep-is': [ '0.1.4' ],
16 silly audit   'define-data-property': [ '1.1.4' ],
16 silly audit   'define-properties': [ '1.2.1' ],
16 silly audit   doctrine: [ '3.0.0', '2.1.0' ],
16 silly audit   'dunder-proto': [ '1.0.1' ],
16 silly audit   'electron-to-chromium': [ '1.5.267' ],
16 silly audit   'es-abstract': [ '1.24.0' ],
16 silly audit   'es-define-property': [ '1.0.1' ],
16 silly audit   'es-errors': [ '1.3.0' ],
16 silly audit   'es-iterator-helpers': [ '1.2.1' ],
16 silly audit   'es-object-atoms': [ '1.1.1' ],
16 silly audit   'es-set-tostringtag': [ '2.1.0' ],
16 silly audit   'es-shim-unscopables': [ '1.1.0' ],
16 silly audit   'es-to-primitive': [ '1.3.0' ],
16 silly audit   esbuild: [ '0.21.5' ],
16 silly audit   escalade: [ '3.2.0' ],
16 silly audit   'escape-string-regexp': [ '4.0.0' ],
16 silly audit   eslint: [ '8.57.1' ],
16 silly audit   'eslint-plugin-react': [ '7.37.5' ],
16 silly audit   'eslint-plugin-react-hooks': [ '4.6.2' ],
16 silly audit   'eslint-plugin-react-refresh': [ '0.4.24' ],
16 silly audit   'eslint-scope': [ '7.2.2' ],
16 silly audit   'eslint-visitor-keys': [ '3.4.3' ],
16 silly audit   espree: [ '9.6.1' ],
16 silly audit   esquery: [ '1.6.0' ],
16 silly audit   esrecurse: [ '4.3.0' ],
16 silly audit   estraverse: [ '5.3.0' ],
16 silly audit   esutils: [ '2.0.3' ],
16 silly audit   'fast-deep-equal': [ '3.1.3' ],
16 silly audit   'fast-json-stable-stringify': [ '2.1.0' ],
16 silly audit   'fast-levenshtein': [ '2.0.6' ],
16 silly audit   fastq: [ '1.19.1' ],
16 silly audit   'file-entry-cache': [ '6.0.1' ],
16 silly audit   'find-up': [ '5.0.0' ],
16 silly audit   'flat-cache': [ '3.2.0' ],
16 silly audit   flatted: [ '3.3.3' ],
16 silly audit   'for-each': [ '0.3.5' ],
16 silly audit   'fs.realpath': [ '1.0.0' ],
16 silly audit   fsevents: [ '2.3.3' ],
16 silly audit   'function-bind': [ '1.1.2' ],
16 silly audit   'function.prototype.name': [ '1.1.8' ],
16 silly audit   'functions-have-names': [ '1.2.3' ],
16 silly audit   'generator-function': [ '2.0.1' ],
16 silly audit   gensync: [ '1.0.0-beta.2' ],
16 silly audit   'get-intrinsic': [ '1.3.0' ],
16 silly audit   'get-proto': [ '1.0.1' ],
16 silly audit   'get-symbol-description': [ '1.1.0' ],
16 silly audit   glob: [ '7.2.3' ],
16 silly audit   'glob-parent': [ '6.0.2' ],
16 silly audit   globals: [ '13.24.0' ],
16 silly audit   globalthis: [ '1.0.4' ],
16 silly audit   gopd: [ '1.2.0' ],
16 silly audit   graphemer: [ '1.4.0' ],
16 silly audit   'has-bigints': [ '1.1.0' ],
16 silly audit   'has-flag': [ '4.0.0' ],
16 silly audit   'has-property-descriptors': [ '1.0.2' ],
16 silly audit   'has-proto': [ '1.2.0' ],
16 silly audit   'has-symbols': [ '1.1.0' ],
16 silly audit   'has-tostringtag': [ '1.0.2' ],
16 silly audit   hasown: [ '2.0.2' ],
16 silly audit   ignore: [ '5.3.2' ],
16 silly audit   'import-fresh': [ '3.3.1' ],
16 silly audit   imurmurhash: [ '0.1.4' ],
16 silly audit   inflight: [ '1.0.6' ],
16 silly audit   inherits: [ '2.0.4' ],
16 silly audit   'internal-slot': [ '1.1.0' ],
16 silly audit   'is-array-buffer': [ '3.0.5' ],
16 silly audit   'is-async-function': [ '2.1.1' ],
16 silly audit   'is-bigint': [ '1.1.0' ],
16 silly audit   'is-boolean-object': [ '1.2.2' ],
16 silly audit   'is-callable': [ '1.2.7' ],
16 silly audit   'is-core-module': [ '2.16.1' ],
16 silly audit   'is-data-view': [ '1.0.2' ],
16 silly audit   'is-date-object': [ '1.1.0' ],
16 silly audit   'is-extglob': [ '2.1.1' ],
16 silly audit   'is-finalizationregistry': [ '1.1.1' ],
16 silly audit   'is-generator-function': [ '1.1.2' ],
16 silly audit   'is-glob': [ '4.0.3' ],
16 silly audit   'is-map': [ '2.0.3' ],
16 silly audit   'is-negative-zero': [ '2.0.3' ],
16 silly audit   'is-number-object': [ '1.1.1' ],
16 silly audit   'is-path-inside': [ '3.0.3' ],
16 silly audit   'is-regex': [ '1.2.1' ],
16 silly audit   'is-set': [ '2.0.3' ],
16 silly audit   'is-shared-array-buffer': [ '1.0.4' ],
16 silly audit   'is-string': [ '1.1.1' ],
16 silly audit   'is-symbol': [ '1.1.1' ],
16 silly audit   'is-typed-array': [ '1.1.15' ],
16 silly audit   'is-weakmap': [ '2.0.2' ],
16 silly audit   'is-weakref': [ '1.1.1' ],
16 silly audit   'is-weakset': [ '2.0.4' ],
16 silly audit   isarray: [ '2.0.5' ],
16 silly audit   isexe: [ '2.0.0' ],
16 silly audit   'iterator.prototype': [ '1.1.5' ],
16 silly audit   'js-tokens': [ '4.0.0' ],
16 silly audit   'js-yaml': [ '4.1.1' ],
16 silly audit   jsesc: [ '3.1.0' ],
16 silly audit   'json-buffer': [ '3.0.1' ],
16 silly audit   'json-schema-traverse': [ '0.4.1' ],
16 silly audit   'json-stable-stringify-without-jsonify': [ '1.0.1' ],
16 silly audit   json5: [ '2.2.3' ],
16 silly audit   'jsx-ast-utils': [ '3.3.5' ],
16 silly audit   keyv: [ '4.5.4' ],
16 silly audit   levn: [ '0.4.1' ],
16 silly audit   'locate-path': [ '6.0.0' ],
16 silly audit   'lodash.merge': [ '4.6.2' ],
16 silly audit   'loose-envify': [ '1.4.0' ],
16 silly audit   'lru-cache': [ '5.1.1' ],
16 silly audit   'math-intrinsics': [ '1.1.0' ],
16 silly audit   minimatch: [ '3.1.2' ],
16 silly audit   ms: [ '2.1.3' ],
16 silly audit   nanoid: [ '3.3.11' ],
16 silly audit   'natural-compare': [ '1.4.0' ],
16 silly audit   'node-releases': [ '2.0.27' ],
16 silly audit   'object-assign': [ '4.1.1' ],
16 silly audit   'object-inspect': [ '1.13.4' ],
16 silly audit   'object-keys': [ '1.1.1' ],
16 silly audit   'object.assign': [ '4.1.7' ],
16 silly audit   'object.entries': [ '1.1.9' ],
16 silly audit   'object.fromentries': [ '2.0.8' ],
16 silly audit   'object.values': [ '1.2.1' ],
16 silly audit   once: [ '1.4.0' ],
16 silly audit   optionator: [ '0.9.4' ],
16 silly audit   'own-keys': [ '1.0.1' ],
16 silly audit   'p-limit': [ '3.1.0' ],
16 silly audit   'p-locate': [ '5.0.0' ],
16 silly audit   'parent-module': [ '1.0.1' ],
16 silly audit   'path-exists': [ '4.0.0' ],
16 silly audit   'path-is-absolute': [ '1.0.1' ],
16 silly audit   'path-key': [ '3.1.1' ],
16 silly audit   'path-parse': [ '1.0.7' ],
16 silly audit   picocolors: [ '1.1.1' ],
16 silly audit   'possible-typed-array-names': [ '1.1.0' ],
16 silly audit   postcss: [ '8.5.6' ],
16 silly audit   'prelude-ls': [ '1.2.1' ],
16 silly audit   'prop-types': [ '15.8.1' ],
16 silly audit   punycode: [ '2.3.1' ],
16 silly audit   'queue-microtask': [ '1.2.3' ],
16 silly audit   react: [ '18.3.1' ],
16 silly audit   'react-dom': [ '18.3.1' ],
16 silly audit   'react-is': [ '16.13.1' ],
16 silly audit   'react-refresh': [ '0.17.0' ],
16 silly audit   'react-router': [ '6.30.2' ],
16 silly audit   'react-router-dom': [ '6.30.2' ],
16 silly audit   'reflect.getprototypeof': [ '1.0.10' ],
16 silly audit   'regexp.prototype.flags': [ '1.5.4' ],
16 silly audit   resolve: [ '2.0.0-next.5' ],
16 silly audit   'resolve-from': [ '4.0.0' ],
16 silly audit   reusify: [ '1.1.0' ],
16 silly audit   rimraf: [ '3.0.2' ],
16 silly audit   rollup: [ '4.53.3' ],
16 silly audit   'run-parallel': [ '1.2.0' ],
16 silly audit   'safe-array-concat': [ '1.1.3' ],
16 silly audit   'safe-push-apply': [ '1.0.0' ],
16 silly audit   'safe-regex-test': [ '1.1.0' ],
16 silly audit   scheduler: [ '0.23.2' ],
16 silly audit   semver: [ '6.3.1' ],
16 silly audit   'set-function-length': [ '1.2.2' ],
16 silly audit   'set-function-name': [ '2.0.2' ],
16 silly audit   'set-proto': [ '1.0.0' ],
16 silly audit   'shebang-command': [ '2.0.0' ],
16 silly audit   'shebang-regex': [ '3.0.0' ],
16 silly audit   'side-channel': [ '1.1.0' ],
16 silly audit   'side-channel-list': [ '1.0.0' ],
16 silly audit   'side-channel-map': [ '1.0.1' ],
16 silly audit   'side-channel-weakmap': [ '1.0.2' ],
16 silly audit   'source-map-js': [ '1.2.1' ],
16 silly audit   'stop-iteration-iterator': [ '1.1.0' ],
16 silly audit   'string.prototype.matchall': [ '4.0.12' ],
16 silly audit   'string.prototype.repeat': [ '1.0.0' ],
16 silly audit   'string.prototype.trim': [ '1.2.10' ],
16 silly audit   'string.prototype.trimend': [ '1.0.9' ],
16 silly audit   'string.prototype.trimstart': [ '1.0.8' ],
16 silly audit   'strip-ansi': [ '6.0.1' ],
16 silly audit   'strip-json-comments': [ '3.1.1' ],
16 silly audit   'supports-color': [ '7.2.0' ],
16 silly audit   'supports-preserve-symlinks-flag': [ '1.0.0' ],
16 silly audit   'text-table': [ '0.2.0' ],
16 silly audit   'type-check': [ '0.4.0' ],
16 silly audit   'type-fest': [ '0.20.2' ],
16 silly audit   'typed-array-buffer': [ '1.0.3' ],
16 silly audit   'typed-array-byte-length': [ '1.0.3' ],
16 silly audit   'typed-array-byte-offset': [ '1.0.4' ],
16 silly audit   'typed-array-length': [ '1.0.7' ],
16 silly audit   'unbox-primitive': [ '1.1.0' ],
16 silly audit   'update-browserslist-db': [ '1.2.2' ],
16 silly audit   'uri-js': [ '4.4.1' ],
16 silly audit   vite: [ '5.4.21' ],
16 silly audit   which: [ '2.0.2' ],
16 silly audit   'which-boxed-primitive': [ '1.1.1' ],
16 silly audit   'which-builtin-type': [ '1.2.1' ],
16 silly audit   'which-collection': [ '1.0.2' ],
16 silly audit   'which-typed-array': [ '1.1.19' ],
16 silly audit   'word-wrap': [ '1.2.5' ],
16 silly audit   wrappy: [ '1.0.2' ],
16 silly audit   yallist: [ '3.1.1' ],
16 silly audit   'yocto-queue': [ '0.1.0' ]
16 silly audit }
17 verbose reify failed optional dependency E:\ME-RIISE enthroprosis\arogyamitra-react\node_modules\fsevents
18 silly reify mark deleted [
18 silly reify   'E:\\ME-RIISE enthroprosis\\arogyamitra-react\\node_modules\\fsevents'
18 silly reify ]
19 verbose reify failed optional dependency E:\ME-RIISE enthroprosis\arogyamitra-react\node_modules\@rollup\rollup-win32-ia32-msvc
20 silly reify mark deleted [
20 silly reify   'E:\\ME-RIISE enthroprosis\\arogyamitra-react\\node_modules\\@rollup\\rollup-win32-ia32-msvc'
20 silly reify ]
21 verbose reify failed optional dependency E:\ME-RIISE enthroprosis\arogyamitra-react\node_modules\@rollup\rollup-win32-arm64-msvc
22 silly reify mark deleted [
22 silly reify   'E:\\ME-RIISE enthroprosis\\arogyamitra-react\\node_modules\\@rollup\\rollup-win32-arm64-msvc'
22 silly reify ]
23 verbose reify failed optional dependency E:\ME-RIISE enthroprosis\arogyamitra-react\node_modules\@rollup\rollup-openharmony-arm64
24 silly reify mark deleted [
24 silly reify   'E:\\ME-RIISE enthroprosis\\arogyamitra-react\\node_modules\\@rollup\\rollup-openharmony-arm64'
24 silly reify ]
25 verbose reify failed optional dependency E:\ME-RIISE enthroprosis\arogyamitra-react\node_modules\@rollup\rollup-linux-x64-musl
26 silly reify mark deleted [
26 silly reify   'E:\\ME-RIISE enthroprosis\\arogyamitra-react\\node_modules\\@rollup\\rollup-linux-x64-musl'
26 silly reify ]
27 verbose reify failed optional dependency E:\ME-RIISE enthroprosis\arogyamitra-react\node_modules\@rollup\rollup-linux-x64-gnu
28 silly reify mark deleted [
28 silly reify   'E:\\ME-RIISE enthroprosis\\arogyamitra-react\\node_modules\\@rollup\\rollup-linux-x64-gnu'
28 silly reify ]
29 verbose reify failed optional dependency E:\ME-RIISE enthroprosis\arogyamitra-react\node_modules\@rollup\rollup-linux-s390x-gnu
30 silly reify mark deleted [
30 silly reify   'E:\\ME-RIISE enthroprosis\\arogyamitra-react\\node_modules\\@rollup\\rollup-linux-s390x-gnu'
30 silly reify ]
31 verbose reify failed optional dependency E:\ME-RIISE enthroprosis\arogyamitra-react\node_modules\@rollup\rollup-linux-riscv64-musl
32 silly reify mark deleted [
32 silly reify   'E:\\ME-RIISE enthroprosis\\arogyamitra-react\\node_modules\\@rollup\\rollup-linux-riscv64-musl'
32 silly reify ]
33 verbose reify failed optional dependency E:\ME-RIISE enthroprosis\arogyamitra-react\node_modules\@rollup\rollup-linux-riscv64-gnu
34 silly reify mark deleted [
34 silly reify   'E:\\ME-RIISE enthroprosis\\arogyamitra-react\\node_modules\\@rollup\\rollup-linux-riscv64-gnu'
34 silly reify ]
35 verbose reify failed optional dependency E:\ME-RIISE enthroprosis\arogyamitra-react\node_modules\@rollup\rollup-linux-ppc64-gnu
36 silly reify mark deleted [
36 silly reify   'E:\\ME-RIISE enthroprosis\\arogyamitra-react\\node_modules\\@rollup\\rollup-linux-ppc64-gnu'
36 silly reify ]
37 verbose reify failed optional dependency E:\ME-RIISE enthroprosis\arogyamitra-react\node_modules\@rollup\rollup-linux-loong64-gnu
38 silly reify mark deleted [
38 silly reify   'E:\\ME-RIISE enthroprosis\\arogyamitra-react\\node_modules\\@rollup\\rollup-linux-loong64-gnu'
38 silly reify ]
39 verbose reify failed optional dependency E:\ME-RIISE enthroprosis\arogyamitra-react\node_modules\@rollup\rollup-linux-arm64-musl
40 silly reify mark deleted [
40 silly reify   'E:\\ME-RIISE enthroprosis\\arogyamitra-react\\node_modules\\@rollup\\rollup-linux-arm64-musl'
40 silly reify ]
41 verbose reify failed optional dependency E:\ME-RIISE enthroprosis\arogyamitra-react\node_modules\@rollup\rollup-linux-arm64-gnu
42 silly reify mark deleted [
42 silly reify   'E:\\ME-RIISE enthroprosis\\arogyamitra-react\\node_modules\\@rollup\\rollup-linux-arm64-gnu'
42 silly reify ]
43 verbose reify failed optional dependency E:\ME-RIISE enthroprosis\arogyamitra-react\node_modules\@rollup\rollup-linux-arm-musleabihf
44 silly reify mark deleted [
44 silly reify   'E:\\ME-RIISE enthroprosis\\arogyamitra-react\\node_modules\\@rollup\\rollup-linux-arm-musleabihf'
44 silly reify ]
45 verbose reify failed optional dependency E:\ME-RIISE enthroprosis\arogyamitra-react\node_modules\@rollup\rollup-linux-arm-gnueabihf
46 silly reify mark deleted [
46 silly reify   'E:\\ME-RIISE enthroprosis\\arogyamitra-react\\node_modules\\@rollup\\rollup-linux-arm-gnueabihf'
46 silly reify ]
47 verbose reify failed optional dependency E:\ME-RIISE enthroprosis\arogyamitra-react\node_modules\@rollup\rollup-freebsd-x64
48 silly reify mark deleted [
48 silly reify   'E:\\ME-RIISE enthroprosis\\arogyamitra-react\\node_modules\\@rollup\\rollup-freebsd-x64'
48 silly reify ]
49 verbose reify failed optional dependency E:\ME-RIISE enthroprosis\arogyamitra-react\node_modules\@rollup\rollup-freebsd-arm64
50 silly reify mark deleted [
50 silly reify   'E:\\ME-RIISE enthroprosis\\arogyamitra-react\\node_modules\\@rollup\\rollup-freebsd-arm64'
50 silly reify ]
51 verbose reify failed optional dependency E:\ME-RIISE enthroprosis\arogyamitra-react\node_modules\@rollup\rollup-darwin-x64
52 silly reify mark deleted [
52 silly reify   'E:\\ME-RIISE enthroprosis\\arogyamitra-react\\node_modules\\@rollup\\rollup-darwin-x64'
52 silly reify ]
53 verbose reify failed optional dependency E:\ME-RIISE enthroprosis\arogyamitra-react\node_modules\@rollup\rollup-darwin-arm64
54 silly reify mark deleted [
54 silly reify   'E:\\ME-RIISE enthroprosis\\arogyamitra-react\\node_modules\\@rollup\\rollup-darwin-arm64'
54 silly reify ]
55 verbose reify failed optional dependency E:\ME-RIISE enthroprosis\arogyamitra-react\node_modules\@rollup\rollup-android-arm64
56 silly reify mark deleted [
56 silly reify   'E:\\ME-RIISE enthroprosis\\arogyamitra-react\\node_modules\\@rollup\\rollup-android-arm64'
56 silly reify ]
57 verbose reify failed optional dependency E:\ME-RIISE enthroprosis\arogyamitra-react\node_modules\@rollup\rollup-android-arm-eabi
58 silly reify mark deleted [
58 silly reify   'E:\\ME-RIISE enthroprosis\\arogyamitra-react\\node_modules\\@rollup\\rollup-android-arm-eabi'
58 silly reify ]
59 verbose reify failed optional dependency E:\ME-RIISE enthroprosis\arogyamitra-react\node_modules\@esbuild\win32-ia32
60 silly reify mark deleted [
60 silly reify   'E:\\ME-RIISE enthroprosis\\arogyamitra-react\\node_modules\\@esbuild\\win32-ia32'
60 silly reify ]
61 verbose reify failed optional dependency E:\ME-RIISE enthroprosis\arogyamitra-react\node_modules\@esbuild\win32-arm64
62 silly reify mark deleted [
62 silly reify   'E:\\ME-RIISE enthroprosis\\arogyamitra-react\\node_modules\\@esbuild\\win32-arm64'
62 silly reify ]
63 verbose reify failed optional dependency E:\ME-RIISE enthroprosis\arogyamitra-react\node_modules\@esbuild\sunos-x64
64 silly reify mark deleted [
64 silly reify   'E:\\ME-RIISE enthroprosis\\arogyamitra-react\\node_modules\\@esbuild\\sunos-x64'
64 silly reify ]
65 verbose reify failed optional dependency E:\ME-RIISE enthroprosis\arogyamitra-react\node_modules\@esbuild\openbsd-x64
66 silly reify mark deleted [
66 silly reify   'E:\\ME-RIISE enthroprosis\\arogyamitra-react\\node_modules\\@esbuild\\openbsd-x64'
66 silly reify ]
67 verbose reify failed optional dependency E:\ME-RIISE enthroprosis\arogyamitra-react\node_modules\@esbuild\netbsd-x64
68 silly reify mark deleted [
68 silly reify   'E:\\ME-RIISE enthroprosis\\arogyamitra-react\\node_modules\\@esbuild\\netbsd-x64'
68 silly reify ]
69 verbose reify failed optional dependency E:\ME-RIISE enthroprosis\arogyamitra-react\node_modules\@esbuild\linux-x64
70 silly reify mark deleted [
70 silly reify   'E:\\ME-RIISE enthroprosis\\arogyamitra-react\\node_modules\\@esbuild\\linux-x64'
70 silly reify ]
71 verbose reify failed optional dependency E:\ME-RIISE enthroprosis\arogyamitra-react\node_modules\@esbuild\linux-s390x
72 silly reify mark deleted [
72 silly reify   'E:\\ME-RIISE enthroprosis\\arogyamitra-react\\node_modules\\@esbuild\\linux-s390x'
72 silly reify ]
73 verbose reify failed optional dependency E:\ME-RIISE enthroprosis\arogyamitra-react\node_modules\@esbuild\linux-riscv64
74 silly reify mark deleted [
74 silly reify   'E:\\ME-RIISE enthroprosis\\arogyamitra-react\\node_modules\\@esbuild\\linux-riscv64'
74 silly reify ]
75 verbose reify failed optional dependency E:\ME-RIISE enthroprosis\arogyamitra-react\node_modules\@esbuild\linux-ppc64
76 silly reify mark deleted [
76 silly reify   'E:\\ME-RIISE enthroprosis\\arogyamitra-react\\node_modules\\@esbuild\\linux-ppc64'
76 silly reify ]
77 verbose reify failed optional dependency E:\ME-RIISE enthroprosis\arogyamitra-react\node_modules\@esbuild\linux-mips64el
78 silly reify mark deleted [
78 silly reify   'E:\\ME-RIISE enthroprosis\\arogyamitra-react\\node_modules\\@esbuild\\linux-mips64el'
78 silly reify ]
79 verbose reify failed optional dependency E:\ME-RIISE enthroprosis\arogyamitra-react\node_modules\@esbuild\linux-loong64
80 silly reify mark deleted [
80 silly reify   'E:\\ME-RIISE enthroprosis\\arogyamitra-react\\node_modules\\@esbuild\\linux-loong64'
80 silly reify ]
81 verbose reify failed optional dependency E:\ME-RIISE enthroprosis\arogyamitra-react\node_modules\@esbuild\linux-ia32
82 silly reify mark deleted [
82 silly reify   'E:\\ME-RIISE enthroprosis\\arogyamitra-react\\node_modules\\@esbuild\\linux-ia32'
82 silly reify ]
83 verbose reify failed optional dependency E:\ME-RIISE enthroprosis\arogyamitra-react\node_modules\@esbuild\linux-arm64
84 silly reify mark deleted [
84 silly reify   'E:\\ME-RIISE enthroprosis\\arogyamitra-react\\node_modules\\@esbuild\\linux-arm64'
84 silly reify ]
85 verbose reify failed optional dependency E:\ME-RIISE enthroprosis\arogyamitra-react\node_modules\@esbuild\linux-arm
86 silly reify mark deleted [
86 silly reify   'E:\\ME-RIISE enthroprosis\\arogyamitra-react\\node_modules\\@esbuild\\linux-arm'
86 silly reify ]
87 verbose reify failed optional dependency E:\ME-RIISE enthroprosis\arogyamitra-react\node_modules\@esbuild\freebsd-x64
88 silly reify mark deleted [
88 silly reify   'E:\\ME-RIISE enthroprosis\\arogyamitra-react\\node_modules\\@esbuild\\freebsd-x64'
88 silly reify ]
89 verbose reify failed optional dependency E:\ME-RIISE enthroprosis\arogyamitra-react\node_modules\@esbuild\freebsd-arm64
90 silly reify mark deleted [
90 silly reify   'E:\\ME-RIISE enthroprosis\\arogyamitra-react\\node_modules\\@esbuild\\freebsd-arm64'
90 silly reify ]
91 verbose reify failed optional dependency E:\ME-RIISE enthroprosis\arogyamitra-react\node_modules\@esbuild\darwin-x64
92 silly reify mark deleted [
92 silly reify   'E:\\ME-RIISE enthroprosis\\arogyamitra-react\\node_modules\\@esbuild\\darwin-x64'
92 silly reify ]
93 verbose reify failed optional dependency E:\ME-RIISE enthroprosis\arogyamitra-react\node_modules\@esbuild\darwin-arm64
94 silly reify mark deleted [
94 silly reify   'E:\\ME-RIISE enthroprosis\\arogyamitra-react\\node_modules\\@esbuild\\darwin-arm64'
94 silly reify ]
95 verbose reify failed optional dependency E:\ME-RIISE enthroprosis\arogyamitra-react\node_modules\@esbuild\android-x64
96 silly reify mark deleted [
96 silly reify   'E:\\ME-RIISE enthroprosis\\arogyamitra-react\\node_modules\\@esbuild\\android-x64'
96 silly reify ]
97 verbose reify failed optional dependency E:\ME-RIISE enthroprosis\arogyamitra-react\node_modules\@esbuild\android-arm64
98 silly reify mark deleted [
98 silly reify   'E:\\ME-RIISE enthroprosis\\arogyamitra-react\\node_modules\\@esbuild\\android-arm64'
98 silly reify ]
99 verbose reify failed optional dependency E:\ME-RIISE enthroprosis\arogyamitra-react\node_modules\@esbuild\android-arm
100 silly reify mark deleted [
100 silly reify   'E:\\ME-RIISE enthroprosis\\arogyamitra-react\\node_modules\\@esbuild\\android-arm'
100 silly reify ]
101 verbose reify failed optional dependency E:\ME-RIISE enthroprosis\arogyamitra-react\node_modules\@esbuild\aix-ppc64
102 silly reify mark deleted [
102 silly reify   'E:\\ME-RIISE enthroprosis\\arogyamitra-react\\node_modules\\@esbuild\\aix-ppc64'
102 silly reify ]
103 http fetch POST 200 https://registry.npmjs.org/-/npm/v1/security/advisories/bulk 4642ms
104 silly audit report {
104 silly audit report   '@remix-run/router': [
104 silly audit report     {
104 silly audit report       id: 1112052,
104 silly audit report       url: 'https://github.com/advisories/GHSA-2w69-qvjg-hvjx',
104 silly audit report       title: 'React Router vulnerable to XSS via Open Redirects',
104 silly audit report       severity: 'high',
104 silly audit report       vulnerable_versions: '<=1.23.1',
104 silly audit report       cwe: [Array],
104 silly audit report       cvss: [Object]
104 silly audit report     }
104 silly audit report   ],
104 silly audit report   ajv: [
104 silly audit report     {
104 silly audit report       id: 1113714,
104 silly audit report       url: 'https://github.com/advisories/GHSA-2g4f-4pwh-qvx6',
104 silly audit report       title: 'ajv has ReDoS when using `$data` option',
104 silly audit report       severity: 'moderate',
104 silly audit report       vulnerable_versions: '<6.14.0',
104 silly audit report       cwe: [Array],
104 silly audit report       cvss: [Object]
104 silly audit report     }
104 silly audit report   ],
104 silly audit report   esbuild: [
104 silly audit report     {
104 silly audit report       id: 1102341,
104 silly audit report       url: 'https://github.com/advisories/GHSA-67mh-4wv8-2f99',
104 silly audit report       title: 'esbuild enables any website to send any requests to the development server and read the response',
104 silly audit report       severity: 'moderate',
104 silly audit report       vulnerable_versions: '<=0.24.2',
104 silly audit report       cwe: [Array],
104 silly audit report       cvss: [Object]
104 silly audit report     }
104 silly audit report   ],
104 silly audit report   minimatch: [
104 silly audit report     {
104 silly audit report       id: 1113459,
104 silly audit report       url: 'https://github.com/advisories/GHSA-3ppc-4f35-3m26',
104 silly audit report       title: 'minimatch has a ReDoS via repeated wildcards with non-matching literal in pattern',
104 silly audit report       severity: 'high',
104 silly audit report       vulnerable_versions: '<3.1.3',
104 silly audit report       cwe: [Array],
104 silly audit report       cvss: [Object]
104 silly audit report     },
104 silly audit report     {
104 silly audit report       id: 1113538,
104 silly audit report       url: 'https://github.com/advisories/GHSA-7r86-cg39-jmmj',
104 silly audit report       title: 'minimatch has ReDoS: matchOne() combinatorial backtracking via multiple non-adjacent GLOBSTAR segments',
104 silly audit report       severity: 'high',
104 silly audit report       vulnerable_versions: '<3.1.3',
104 silly audit report       cwe: [Array],
104 silly audit report       cvss: [Object]
104 silly audit report     },
104 silly audit report     {
104 silly audit report       id: 1113546,
104 silly audit report       url: 'https://github.com/advisories/GHSA-23c5-xmqv-rm74',
104 silly audit report       title: 'minimatch ReDoS: nested *() extglobs generate catastrophically backtracking regular expressions',
104 silly audit report       severity: 'high',
104 silly audit report       vulnerable_versions: '<3.1.4',
104 silly audit report       cwe: [Array],
104 silly audit report       cvss: [Object]
104 silly audit report     }
104 silly audit report   ],
104 silly audit report   rollup: [
104 silly audit report     {
104 silly audit report       id: 1113515,
104 silly audit report       url: 'https://github.com/advisories/GHSA-mw96-cpmx-2vgc',
104 silly audit report       title: 'Rollup 4 has Arbitrary File Write via Path Traversal',
104 silly audit report       severity: 'high',
104 silly audit report       vulnerable_versions: '>=4.0.0 <4.59.0',
104 silly audit report       cwe: [Array],
104 silly audit report       cvss: [Object]
104 silly audit report     }
104 silly audit report   ]
104 silly audit report }
105 silly packumentCache corgi:https://registry.npmjs.org/@remix-run%2frouter cache-miss
106 silly packumentCache corgi:https://registry.npmjs.org/ajv cache-miss
107 silly packumentCache corgi:https://registry.npmjs.org/esbuild cache-miss
108 silly packumentCache corgi:https://registry.npmjs.org/minimatch cache-miss
109 silly packumentCache corgi:https://registry.npmjs.org/rollup cache-miss
110 http fetch GET 200 https://registry.npmjs.org/@remix-run%2frouter 321ms (cache revalidated)
111 silly packumentCache corgi:https://registry.npmjs.org/@remix-run%2frouter set size:212922 disposed:false
112 http fetch GET 200 https://registry.npmjs.org/ajv 916ms (cache revalidated)
113 silly packumentCache corgi:https://registry.npmjs.org/ajv set size:464537 disposed:false
114 http fetch GET 200 https://registry.npmjs.org/esbuild 926ms (cache revalidated)
115 silly packumentCache corgi:https://registry.npmjs.org/esbuild set size:879341 disposed:false
116 http fetch GET 200 https://registry.npmjs.org/minimatch 949ms (cache revalidated)
117 silly packumentCache corgi:https://registry.npmjs.org/minimatch set size:167610 disposed:false
118 http fetch GET 200 https://registry.npmjs.org/rollup 961ms (cache revalidated)
119 silly packumentCache corgi:https://registry.npmjs.org/rollup set size:2543476 disposed:false
120 silly packumentCache corgi:https://registry.npmjs.org/react-router cache-miss
121 silly packumentCache corgi:https://registry.npmjs.org/react-router-dom cache-miss
122 http fetch GET 200 https://registry.npmjs.org/react-router 441ms (cache revalidated)
123 silly packumentCache corgi:https://registry.npmjs.org/react-router set size:1286531 disposed:false
124 http fetch GET 200 https://registry.npmjs.org/react-router-dom 493ms (cache revalidated)
125 silly packumentCache corgi:https://registry.npmjs.org/react-router-dom set size:1026198 disposed:false
126 silly packumentCache corgi:https://registry.npmjs.org/@eslint%2feslintrc cache-miss
127 silly packumentCache corgi:https://registry.npmjs.org/eslint cache-miss
128 http fetch GET 200 https://registry.npmjs.org/@eslint%2feslintrc 246ms (cache revalidated)
129 silly packumentCache corgi:https://registry.npmjs.org/@eslint%2feslintrc set size:83205 disposed:false
130 http fetch GET 200 https://registry.npmjs.org/eslint 261ms (cache revalidated)
131 silly packumentCache corgi:https://registry.npmjs.org/eslint set size:1142103 disposed:false
132 silly packumentCache corgi:https://registry.npmjs.org/vite cache-miss
133 http fetch GET 200 https://registry.npmjs.org/vite 209ms (cache revalidated)
134 silly packumentCache corgi:https://registry.npmjs.org/vite set size:2196538 disposed:false
135 silly packumentCache corgi:https://registry.npmjs.org/@humanwhocodes%2fconfig-array cache-miss
136 silly packumentCache corgi:https://registry.npmjs.org/eslint-plugin-react cache-miss
137 silly packumentCache corgi:https://registry.npmjs.org/glob cache-miss
138 http fetch GET 200 https://registry.npmjs.org/glob 282ms (cache revalidated)
139 silly packumentCache corgi:https://registry.npmjs.org/glob set size:199194 disposed:false
140 http fetch GET 200 https://registry.npmjs.org/@humanwhocodes%2fconfig-array 291ms (cache revalidated)
141 silly packumentCache corgi:https://registry.npmjs.org/@humanwhocodes%2fconfig-array set size:69299 disposed:false
142 http fetch GET 200 https://registry.npmjs.org/eslint-plugin-react 493ms (cache revalidated)
143 silly packumentCache corgi:https://registry.npmjs.org/eslint-plugin-react set size:309843 disposed:false
144 silly packumentCache corgi:https://registry.npmjs.org/@vitejs%2fplugin-react cache-miss
145 http fetch GET 200 https://registry.npmjs.org/@vitejs%2fplugin-react 226ms (cache revalidated)
146 silly packumentCache corgi:https://registry.npmjs.org/@vitejs%2fplugin-react set size:108650 disposed:false
147 silly ADD
148 silly ADD
149 silly ADD
150 silly ADD
151 silly ADD
152 silly ADD
153 silly ADD
154 silly ADD
155 silly ADD
156 silly ADD
157 silly ADD
158 silly ADD
159 silly ADD
160 silly ADD
161 silly ADD
162 silly ADD
163 silly ADD
164 silly ADD
165 silly ADD
166 silly ADD
167 silly ADD
168 silly ADD
169 silly ADD
170 silly ADD
171 silly ADD
172 silly ADD
173 silly ADD
174 silly ADD
175 silly ADD
176 silly ADD
177 silly ADD
178 silly ADD
179 silly ADD
180 silly ADD
181 silly ADD
182 silly ADD
183 silly ADD
184 silly ADD
185 silly ADD
186 silly ADD
187 silly ADD
188 silly ADD
189 silly ADD
190 verbose cwd E:\ME-RIISE enthroprosis\arogyamitra-react
191 verbose os Windows_NT 10.0.26100
192 verbose node v22.20.0
193 verbose npm  v10.9.3
194 verbose exit 0
195 info ok
