0 verbose cli C:\Program Files\nodejs\node.exe C:\Program Files\nodejs\node_modules\npm\bin\npm-cli.js
1 info using npm@10.9.3
2 info using node@v22.20.0
3 silly config load:file:C:\Program Files\nodejs\node_modules\npm\npmrc
4 silly config load:file:E:\ME-RIISE enthroprosis\arogyamitra-react\.npmrc
5 silly config load:file:C:\Users\user\.npmrc
6 silly config load:file:E:\npm-global\etc\npmrc
7 verbose title npm install vite
8 verbose argv "install" "vite" "--save-dev"
9 verbose logfile logs-max:10 dir:E:\ME-RIISE enthroprosis\arogyamitra-react\.npm-cache\_logs\2026-03-10T12_15_15_765Z-
10 verbose logfile E:\ME-RIISE enthroprosis\arogyamitra-react\.npm-cache\_logs\2026-03-10T12_15_15_765Z-debug-0.log
11 silly logfile start cleaning logs, removing 1 files
12 silly packumentCache heap:2197815296 maxSize:549453824 maxEntrySize:274726912
13 silly logfile done cleaning log files
14 silly idealTree buildDeps
15 silly fetch manifest vite@^5.0.8
16 silly packumentCache full:https://registry.npmjs.org/vite cache-miss
17 http fetch GET 200 https://registry.npmjs.org/vite 8304ms (cache miss)
18 silly packumentCache full:https://registry.npmjs.org/vite set size:undefined disposed:false
19 silly fetch manifest @types/node@^18.0.0 || >=20.0.0
20 silly packumentCache full:https://registry.npmjs.org/@types%2fnode cache-miss
21 http fetch GET 200 https://registry.npmjs.org/@types%2fnode 977ms (cache miss)
22 silly packumentCache full:https://registry.npmjs.org/@types%2fnode set size:undefined disposed:false
23 silly fetch manifest less@*
24 silly packumentCache full:https://registry.npmjs.org/less cache-miss
25 http fetch GET 200 https://registry.npmjs.org/less 242ms (cache miss)
26 silly packumentCache full:https://registry.npmjs.org/less set size:undefined disposed:false
27 silly fetch manifest lightningcss@^1.21.0
28 silly packumentCache full:https://registry.npmjs.org/lightningcss cache-miss
29 http fetch GET 200 https://registry.npmjs.org/lightningcss 201ms (cache miss)
30 silly packumentCache full:https://registry.npmjs.org/lightningcss set size:undefined disposed:false
31 silly fetch manifest sass@*
32 silly packumentCache full:https://registry.npmjs.org/sass cache-miss
33 http fetch GET 200 https://registry.npmjs.org/sass 495ms (cache miss)
34 silly packumentCache full:https://registry.npmjs.org/sass set size:undefined disposed:false
35 silly fetch manifest sass-embedded@*
36 silly packumentCache full:https://registry.npmjs.org/sass-embedded cache-miss
37 http fetch GET 200 https://registry.npmjs.org/sass-embedded 181ms (cache miss)
38 silly packumentCache full:https://registry.npmjs.org/sass-embedded set size:undefined disposed:false
39 silly fetch manifest stylus@*
40 silly packumentCache full:https://registry.npmjs.org/stylus cache-miss
41 http fetch GET 200 https://registry.npmjs.org/stylus 180ms (cache miss)
42 silly packumentCache full:https://registry.npmjs.org/stylus set size:undefined disposed:false
43 silly fetch manifest sugarss@*
44 silly packumentCache full:https://registry.npmjs.org/sugarss cache-miss
45 http fetch GET 200 https://registry.npmjs.org/sugarss 136ms (cache miss)
46 silly packumentCache full:https://registry.npmjs.org/sugarss set size:undefined disposed:false
47 silly fetch manifest postcss@^8.3.3
48 silly packumentCache full:https://registry.npmjs.org/postcss cache-miss
49 http fetch GET 200 https://registry.npmjs.org/postcss 2433ms (cache miss)
50 silly packumentCache full:https://registry.npmjs.org/postcss set size:undefined disposed:false
51 silly fetch manifest terser@^5.4.0
52 silly packumentCache full:https://registry.npmjs.org/terser cache-miss
53 http fetch GET 200 https://registry.npmjs.org/terser 208ms (cache miss)
54 silly packumentCache full:https://registry.npmjs.org/terser set size:undefined disposed:false
55 silly placeDep ROOT vite@5.4.21 REPLACE for: arogyamitra-react@0.0.0 want: ^5.0.8
56 silly reify moves {}
57 silly audit bulk request {
57 silly audit   '@babel/code-frame': [ '7.27.1' ],
57 silly audit   '@babel/compat-data': [ '7.28.5' ],
57 silly audit   '@babel/core': [ '7.28.5' ],
57 silly audit   '@babel/generator': [ '7.28.5' ],
57 silly audit   '@babel/helper-compilation-targets': [ '7.27.2' ],
57 silly audit   '@babel/helper-globals': [ '7.28.0' ],
57 silly audit   '@babel/helper-module-imports': [ '7.27.1' ],
57 silly audit   '@babel/helper-module-transforms': [ '7.28.3' ],
57 silly audit   '@babel/helper-plugin-utils': [ '7.27.1' ],
57 silly audit   '@babel/helper-string-parser': [ '7.27.1' ],
57 silly audit   '@babel/helper-validator-identifier': [ '7.28.5' ],
57 silly audit   '@babel/helper-validator-option': [ '7.27.1' ],
57 silly audit   '@babel/helpers': [ '7.28.4' ],
57 silly audit   '@babel/parser': [ '7.28.5' ],
57 silly audit   '@babel/plugin-transform-react-jsx-self': [ '7.27.1' ],
57 silly audit   '@babel/plugin-transform-react-jsx-source': [ '7.27.1' ],
57 silly audit   '@babel/template': [ '7.27.2' ],
57 silly audit   '@babel/traverse': [ '7.28.5' ],
57 silly audit   '@babel/types': [ '7.28.5' ],
57 silly audit   '@esbuild/aix-ppc64': [ '0.21.5' ],
57 silly audit   '@esbuild/android-arm': [ '0.21.5' ],
57 silly audit   '@esbuild/android-arm64': [ '0.21.5' ],
57 silly audit   '@esbuild/android-x64': [ '0.21.5' ],
57 silly audit   '@esbuild/darwin-arm64': [ '0.21.5' ],
57 silly audit   '@esbuild/darwin-x64': [ '0.21.5' ],
57 silly audit   '@esbuild/freebsd-arm64': [ '0.21.5' ],
57 silly audit   '@esbuild/freebsd-x64': [ '0.21.5' ],
57 silly audit   '@esbuild/linux-arm': [ '0.21.5' ],
57 silly audit   '@esbuild/linux-arm64': [ '0.21.5' ],
57 silly audit   '@esbuild/linux-ia32': [ '0.21.5' ],
57 silly audit   '@esbuild/linux-loong64': [ '0.21.5' ],
57 silly audit   '@esbuild/linux-mips64el': [ '0.21.5' ],
57 silly audit   '@esbuild/linux-ppc64': [ '0.21.5' ],
57 silly audit   '@esbuild/linux-riscv64': [ '0.21.5' ],
57 silly audit   '@esbuild/linux-s390x': [ '0.21.5' ],
57 silly audit   '@esbuild/linux-x64': [ '0.21.5' ],
57 silly audit   '@esbuild/netbsd-x64': [ '0.21.5' ],
57 silly audit   '@esbuild/openbsd-x64': [ '0.21.5' ],
57 silly audit   '@esbuild/sunos-x64': [ '0.21.5' ],
57 silly audit   '@esbuild/win32-arm64': [ '0.21.5' ],
57 silly audit   '@esbuild/win32-ia32': [ '0.21.5' ],
57 silly audit   '@esbuild/win32-x64': [ '0.21.5' ],
57 silly audit   '@eslint-community/eslint-utils': [ '4.9.0' ],
57 silly audit   '@eslint-community/regexpp': [ '4.12.2' ],
57 silly audit   '@eslint/eslintrc': [ '2.1.4' ],
57 silly audit   '@eslint/js': [ '8.57.1' ],
57 silly audit   '@humanwhocodes/config-array': [ '0.13.0' ],
57 silly audit   '@humanwhocodes/module-importer': [ '1.0.1' ],
57 silly audit   '@humanwhocodes/object-schema': [ '2.0.3' ],
57 silly audit   '@jridgewell/gen-mapping': [ '0.3.13' ],
57 silly audit   '@jridgewell/remapping': [ '2.3.5' ],
57 silly audit   '@jridgewell/resolve-uri': [ '3.1.2' ],
57 silly audit   '@jridgewell/sourcemap-codec': [ '1.5.5' ],
57 silly audit   '@jridgewell/trace-mapping': [ '0.3.31' ],
57 silly audit   '@nodelib/fs.scandir': [ '2.1.5' ],
57 silly audit   '@nodelib/fs.stat': [ '2.0.5' ],
57 silly audit   '@nodelib/fs.walk': [ '1.2.8' ],
57 silly audit   '@remix-run/router': [ '1.23.1' ],
57 silly audit   '@rolldown/pluginutils': [ '1.0.0-beta.27' ],
57 silly audit   '@rollup/rollup-android-arm-eabi': [ '4.53.3' ],
57 silly audit   '@rollup/rollup-android-arm64': [ '4.53.3' ],
57 silly audit   '@rollup/rollup-darwin-arm64': [ '4.53.3' ],
57 silly audit   '@rollup/rollup-darwin-x64': [ '4.53.3' ],
57 silly audit   '@rollup/rollup-freebsd-arm64': [ '4.53.3' ],
57 silly audit   '@rollup/rollup-freebsd-x64': [ '4.53.3' ],
57 silly audit   '@rollup/rollup-linux-arm-gnueabihf': [ '4.53.3' ],
57 silly audit   '@rollup/rollup-linux-arm-musleabihf': [ '4.53.3' ],
57 silly audit   '@rollup/rollup-linux-arm64-gnu': [ '4.53.3' ],
57 silly audit   '@rollup/rollup-linux-arm64-musl': [ '4.53.3' ],
57 silly audit   '@rollup/rollup-linux-loong64-gnu': [ '4.53.3' ],
57 silly audit   '@rollup/rollup-linux-ppc64-gnu': [ '4.53.3' ],
57 silly audit   '@rollup/rollup-linux-riscv64-gnu': [ '4.53.3' ],
57 silly audit   '@rollup/rollup-linux-riscv64-musl': [ '4.53.3' ],
57 silly audit   '@rollup/rollup-linux-s390x-gnu': [ '4.53.3' ],
57 silly audit   '@rollup/rollup-linux-x64-gnu': [ '4.53.3' ],
57 silly audit   '@rollup/rollup-linux-x64-musl': [ '4.53.3' ],
57 silly audit   '@rollup/rollup-openharmony-arm64': [ '4.53.3' ],
57 silly audit   '@rollup/rollup-win32-arm64-msvc': [ '4.53.3' ],
57 silly audit   '@rollup/rollup-win32-ia32-msvc': [ '4.53.3' ],
57 silly audit   '@rollup/rollup-win32-x64-gnu': [ '4.53.3' ],
57 silly audit   '@rollup/rollup-win32-x64-msvc': [ '4.53.3' ],
57 silly audit   '@types/babel__core': [ '7.20.5' ],
57 silly audit   '@types/babel__generator': [ '7.27.0' ],
57 silly audit   '@types/babel__template': [ '7.4.4' ],
57 silly audit   '@types/babel__traverse': [ '7.28.0' ],
57 silly audit   '@types/estree': [ '1.0.8' ],
57 silly audit   '@types/prop-types': [ '15.7.15' ],
57 silly audit   '@types/react': [ '18.3.27' ],
57 silly audit   '@types/react-dom': [ '18.3.7' ],
57 silly audit   '@ungap/structured-clone': [ '1.3.0' ],
57 silly audit   '@vitejs/plugin-react': [ '4.7.0' ],
57 silly audit   acorn: [ '8.15.0' ],
57 silly audit   'acorn-jsx': [ '5.3.2' ],
57 silly audit   ajv: [ '6.12.6' ],
57 silly audit   'ansi-regex': [ '5.0.1' ],
57 silly audit   'ansi-styles': [ '4.3.0' ],
57 silly audit   argparse: [ '2.0.1' ],
57 silly audit   'array-buffer-byte-length': [ '1.0.2' ],
57 silly audit   'array-includes': [ '3.1.9' ],
57 silly audit   'array.prototype.findlast': [ '1.2.5' ],
57 silly audit   'array.prototype.flat': [ '1.3.3' ],
57 silly audit   'array.prototype.flatmap': [ '1.3.3' ],
57 silly audit   'array.prototype.tosorted': [ '1.1.4' ],
57 silly audit   'arraybuffer.prototype.slice': [ '1.0.4' ],
57 silly audit   'async-function': [ '1.0.0' ],
57 silly audit   'available-typed-arrays': [ '1.0.7' ],
57 silly audit   'balanced-match': [ '1.0.2' ],
57 silly audit   'baseline-browser-mapping': [ '2.9.5' ],
57 silly audit   'brace-expansion': [ '1.1.12' ],
57 silly audit   browserslist: [ '4.28.1' ],
57 silly audit   'call-bind': [ '1.0.8' ],
57 silly audit   'call-bind-apply-helpers': [ '1.0.2' ],
57 silly audit   'call-bound': [ '1.0.4' ],
57 silly audit   callsites: [ '3.1.0' ],
57 silly audit   'caniuse-lite': [ '1.0.30001760' ],
57 silly audit   chalk: [ '4.1.2' ],
57 silly audit   'color-convert': [ '2.0.1' ],
57 silly audit   'color-name': [ '1.1.4' ],
57 silly audit   'concat-map': [ '0.0.1' ],
57 silly audit   'convert-source-map': [ '2.0.0' ],
57 silly audit   'cross-spawn': [ '7.0.6' ],
57 silly audit   csstype: [ '3.2.3' ],
57 silly audit   'data-view-buffer': [ '1.0.2' ],
57 silly audit   'data-view-byte-length': [ '1.0.2' ],
57 silly audit   'data-view-byte-offset': [ '1.0.1' ],
57 silly audit   debug: [ '4.4.3' ],
57 silly audit   'deep-is': [ '0.1.4' ],
57 silly audit   'define-data-property': [ '1.1.4' ],
57 silly audit   'define-properties': [ '1.2.1' ],
57 silly audit   doctrine: [ '3.0.0', '2.1.0' ],
57 silly audit   'dunder-proto': [ '1.0.1' ],
57 silly audit   'electron-to-chromium': [ '1.5.267' ],
57 silly audit   'es-abstract': [ '1.24.0' ],
57 silly audit   'es-define-property': [ '1.0.1' ],
57 silly audit   'es-errors': [ '1.3.0' ],
57 silly audit   'es-iterator-helpers': [ '1.2.1' ],
57 silly audit   'es-object-atoms': [ '1.1.1' ],
57 silly audit   'es-set-tostringtag': [ '2.1.0' ],
57 silly audit   'es-shim-unscopables': [ '1.1.0' ],
57 silly audit   'es-to-primitive': [ '1.3.0' ],
57 silly audit   esbuild: [ '0.21.5' ],
57 silly audit   escalade: [ '3.2.0' ],
57 silly audit   'escape-string-regexp': [ '4.0.0' ],
57 silly audit   eslint: [ '8.57.1' ],
57 silly audit   'eslint-plugin-react': [ '7.37.5' ],
57 silly audit   'eslint-plugin-react-hooks': [ '4.6.2' ],
57 silly audit   'eslint-plugin-react-refresh': [ '0.4.24' ],
57 silly audit   'eslint-scope': [ '7.2.2' ],
57 silly audit   'eslint-visitor-keys': [ '3.4.3' ],
57 silly audit   espree: [ '9.6.1' ],
57 silly audit   esquery: [ '1.6.0' ],
57 silly audit   esrecurse: [ '4.3.0' ],
57 silly audit   estraverse: [ '5.3.0' ],
57 silly audit   esutils: [ '2.0.3' ],
57 silly audit   'fast-deep-equal': [ '3.1.3' ],
57 silly audit   'fast-json-stable-stringify': [ '2.1.0' ],
57 silly audit   'fast-levenshtein': [ '2.0.6' ],
57 silly audit   fastq: [ '1.19.1' ],
57 silly audit   'file-entry-cache': [ '6.0.1' ],
57 silly audit   'find-up': [ '5.0.0' ],
57 silly audit   'flat-cache': [ '3.2.0' ],
57 silly audit   flatted: [ '3.3.3' ],
57 silly audit   'for-each': [ '0.3.5' ],
57 silly audit   'fs.realpath': [ '1.0.0' ],
57 silly audit   fsevents: [ '2.3.3' ],
57 silly audit   'function-bind': [ '1.1.2' ],
57 silly audit   'function.prototype.name': [ '1.1.8' ],
57 silly audit   'functions-have-names': [ '1.2.3' ],
57 silly audit   'generator-function': [ '2.0.1' ],
57 silly audit   gensync: [ '1.0.0-beta.2' ],
57 silly audit   'get-intrinsic': [ '1.3.0' ],
57 silly audit   'get-proto': [ '1.0.1' ],
57 silly audit   'get-symbol-description': [ '1.1.0' ],
57 silly audit   glob: [ '7.2.3' ],
57 silly audit   'glob-parent': [ '6.0.2' ],
57 silly audit   globals: [ '13.24.0' ],
57 silly audit   globalthis: [ '1.0.4' ],
57 silly audit   gopd: [ '1.2.0' ],
57 silly audit   graphemer: [ '1.4.0' ],
57 silly audit   'has-bigints': [ '1.1.0' ],
57 silly audit   'has-flag': [ '4.0.0' ],
57 silly audit   'has-property-descriptors': [ '1.0.2' ],
57 silly audit   'has-proto': [ '1.2.0' ],
57 silly audit   'has-symbols': [ '1.1.0' ],
57 silly audit   'has-tostringtag': [ '1.0.2' ],
57 silly audit   hasown: [ '2.0.2' ],
57 silly audit   ignore: [ '5.3.2' ],
57 silly audit   'import-fresh': [ '3.3.1' ],
57 silly audit   imurmurhash: [ '0.1.4' ],
57 silly audit   inflight: [ '1.0.6' ],
57 silly audit   inherits: [ '2.0.4' ],
57 silly audit   'internal-slot': [ '1.1.0' ],
57 silly audit   'is-array-buffer': [ '3.0.5' ],
57 silly audit   'is-async-function': [ '2.1.1' ],
57 silly audit   'is-bigint': [ '1.1.0' ],
57 silly audit   'is-boolean-object': [ '1.2.2' ],
57 silly audit   'is-callable': [ '1.2.7' ],
57 silly audit   'is-core-module': [ '2.16.1' ],
57 silly audit   'is-data-view': [ '1.0.2' ],
57 silly audit   'is-date-object': [ '1.1.0' ],
57 silly audit   'is-extglob': [ '2.1.1' ],
57 silly audit   'is-finalizationregistry': [ '1.1.1' ],
57 silly audit   'is-generator-function': [ '1.1.2' ],
57 silly audit   'is-glob': [ '4.0.3' ],
57 silly audit   'is-map': [ '2.0.3' ],
57 silly audit   'is-negative-zero': [ '2.0.3' ],
57 silly audit   'is-number-object': [ '1.1.1' ],
57 silly audit   'is-path-inside': [ '3.0.3' ],
57 silly audit   'is-regex': [ '1.2.1' ],
57 silly audit   'is-set': [ '2.0.3' ],
57 silly audit   'is-shared-array-buffer': [ '1.0.4' ],
57 silly audit   'is-string': [ '1.1.1' ],
57 silly audit   'is-symbol': [ '1.1.1' ],
57 silly audit   'is-typed-array': [ '1.1.15' ],
57 silly audit   'is-weakmap': [ '2.0.2' ],
57 silly audit   'is-weakref': [ '1.1.1' ],
57 silly audit   'is-weakset': [ '2.0.4' ],
57 silly audit   isarray: [ '2.0.5' ],
57 silly audit   isexe: [ '2.0.0' ],
57 silly audit   'iterator.prototype': [ '1.1.5' ],
57 silly audit   'js-tokens': [ '4.0.0' ],
57 silly audit   'js-yaml': [ '4.1.1' ],
57 silly audit   jsesc: [ '3.1.0' ],
57 silly audit   'json-buffer': [ '3.0.1' ],
57 silly audit   'json-schema-traverse': [ '0.4.1' ],
57 silly audit   'json-stable-stringify-without-jsonify': [ '1.0.1' ],
57 silly audit   json5: [ '2.2.3' ],
57 silly audit   'jsx-ast-utils': [ '3.3.5' ],
57 silly audit   keyv: [ '4.5.4' ],
57 silly audit   levn: [ '0.4.1' ],
57 silly audit   'locate-path': [ '6.0.0' ],
57 silly audit   'lodash.merge': [ '4.6.2' ],
57 silly audit   'loose-envify': [ '1.4.0' ],
57 silly audit   'lru-cache': [ '5.1.1' ],
57 silly audit   'math-intrinsics': [ '1.1.0' ],
57 silly audit   minimatch: [ '3.1.2' ],
57 silly audit   ms: [ '2.1.3' ],
57 silly audit   nanoid: [ '3.3.11' ],
57 silly audit   'natural-compare': [ '1.4.0' ],
57 silly audit   'node-releases': [ '2.0.27' ],
57 silly audit   'object-assign': [ '4.1.1' ],
57 silly audit   'object-inspect': [ '1.13.4' ],
57 silly audit   'object-keys': [ '1.1.1' ],
57 silly audit   'object.assign': [ '4.1.7' ],
57 silly audit   'object.entries': [ '1.1.9' ],
57 silly audit   'object.fromentries': [ '2.0.8' ],
57 silly audit   'object.values': [ '1.2.1' ],
57 silly audit   once: [ '1.4.0' ],
57 silly audit   optionator: [ '0.9.4' ],
57 silly audit   'own-keys': [ '1.0.1' ],
57 silly audit   'p-limit': [ '3.1.0' ],
57 silly audit   'p-locate': [ '5.0.0' ],
57 silly audit   'parent-module': [ '1.0.1' ],
57 silly audit   'path-exists': [ '4.0.0' ],
57 silly audit   'path-is-absolute': [ '1.0.1' ],
57 silly audit   'path-key': [ '3.1.1' ],
57 silly audit   'path-parse': [ '1.0.7' ],
57 silly audit   picocolors: [ '1.1.1' ],
57 silly audit   'possible-typed-array-names': [ '1.1.0' ],
57 silly audit   postcss: [ '8.5.6' ],
57 silly audit   'prelude-ls': [ '1.2.1' ],
57 silly audit   'prop-types': [ '15.8.1' ],
57 silly audit   punycode: [ '2.3.1' ],
57 silly audit   'queue-microtask': [ '1.2.3' ],
57 silly audit   react: [ '18.3.1' ],
57 silly audit   'react-dom': [ '18.3.1' ],
57 silly audit   'react-is': [ '16.13.1' ],
57 silly audit   'react-refresh': [ '0.17.0' ],
57 silly audit   'react-router': [ '6.30.2' ],
57 silly audit   'react-router-dom': [ '6.30.2' ],
57 silly audit   'reflect.getprototypeof': [ '1.0.10' ],
57 silly audit   'regexp.prototype.flags': [ '1.5.4' ],
57 silly audit   resolve: [ '2.0.0-next.5' ],
57 silly audit   'resolve-from': [ '4.0.0' ],
57 silly audit   reusify: [ '1.1.0' ],
57 silly audit   rimraf: [ '3.0.2' ],
57 silly audit   rollup: [ '4.53.3' ],
57 silly audit   'run-parallel': [ '1.2.0' ],
57 silly audit   'safe-array-concat': [ '1.1.3' ],
57 silly audit   'safe-push-apply': [ '1.0.0' ],
57 silly audit   'safe-regex-test': [ '1.1.0' ],
57 silly audit   scheduler: [ '0.23.2' ],
57 silly audit   semver: [ '6.3.1' ],
57 silly audit   'set-function-length': [ '1.2.2' ],
57 silly audit   'set-function-name': [ '2.0.2' ],
57 silly audit   'set-proto': [ '1.0.0' ],
57 silly audit   'shebang-command': [ '2.0.0' ],
57 silly audit   'shebang-regex': [ '3.0.0' ],
57 silly audit   'side-channel': [ '1.1.0' ],
57 silly audit   'side-channel-list': [ '1.0.0' ],
57 silly audit   'side-channel-map': [ '1.0.1' ],
57 silly audit   'side-channel-weakmap': [ '1.0.2' ],
57 silly audit   'source-map-js': [ '1.2.1' ],
57 silly audit   'stop-iteration-iterator': [ '1.1.0' ],
57 silly audit   'string.prototype.matchall': [ '4.0.12' ],
57 silly audit   'string.prototype.repeat': [ '1.0.0' ],
57 silly audit   'string.prototype.trim': [ '1.2.10' ],
57 silly audit   'string.prototype.trimend': [ '1.0.9' ],
57 silly audit   'string.prototype.trimstart': [ '1.0.8' ],
57 silly audit   'strip-ansi': [ '6.0.1' ],
57 silly audit   'strip-json-comments': [ '3.1.1' ],
57 silly audit   'supports-color': [ '7.2.0' ],
57 silly audit   'supports-preserve-symlinks-flag': [ '1.0.0' ],
57 silly audit   'text-table': [ '0.2.0' ],
57 silly audit   'type-check': [ '0.4.0' ],
57 silly audit   'type-fest': [ '0.20.2' ],
57 silly audit   'typed-array-buffer': [ '1.0.3' ],
57 silly audit   'typed-array-byte-length': [ '1.0.3' ],
57 silly audit   'typed-array-byte-offset': [ '1.0.4' ],
57 silly audit   'typed-array-length': [ '1.0.7' ],
57 silly audit   'unbox-primitive': [ '1.1.0' ],
57 silly audit   'update-browserslist-db': [ '1.2.2' ],
57 silly audit   'uri-js': [ '4.4.1' ],
57 silly audit   which: [ '2.0.2' ],
57 silly audit   'which-boxed-primitive': [ '1.1.1' ],
57 silly audit   'which-builtin-type': [ '1.2.1' ],
57 silly audit   'which-collection': [ '1.0.2' ],
57 silly audit   'which-typed-array': [ '1.1.19' ],
57 silly audit   'word-wrap': [ '1.2.5' ],
57 silly audit   wrappy: [ '1.0.2' ],
57 silly audit   yallist: [ '3.1.1' ],
57 silly audit   'yocto-queue': [ '0.1.0' ],
57 silly audit   vite: [ '5.4.21' ]
57 silly audit }
58 verbose reify failed optional dependency E:\ME-RIISE enthroprosis\arogyamitra-react\node_modules\fsevents
59 silly reify mark deleted [
59 silly reify   'E:\\ME-RIISE enthroprosis\\arogyamitra-react\\node_modules\\fsevents'
59 silly reify ]
60 verbose reify failed optional dependency E:\ME-RIISE enthroprosis\arogyamitra-react\node_modules\@rollup\rollup-win32-ia32-msvc
61 silly reify mark deleted [
61 silly reify   'E:\\ME-RIISE enthroprosis\\arogyamitra-react\\node_modules\\@rollup\\rollup-win32-ia32-msvc'
61 silly reify ]
62 verbose reify failed optional dependency E:\ME-RIISE enthroprosis\arogyamitra-react\node_modules\@rollup\rollup-win32-arm64-msvc
63 silly reify mark deleted [
63 silly reify   'E:\\ME-RIISE enthroprosis\\arogyamitra-react\\node_modules\\@rollup\\rollup-win32-arm64-msvc'
63 silly reify ]
64 verbose reify failed optional dependency E:\ME-RIISE enthroprosis\arogyamitra-react\node_modules\@rollup\rollup-openharmony-arm64
65 silly reify mark deleted [
65 silly reify   'E:\\ME-RIISE enthroprosis\\arogyamitra-react\\node_modules\\@rollup\\rollup-openharmony-arm64'
65 silly reify ]
66 verbose reify failed optional dependency E:\ME-RIISE enthroprosis\arogyamitra-react\node_modules\@rollup\rollup-linux-x64-musl
67 silly reify mark deleted [
67 silly reify   'E:\\ME-RIISE enthroprosis\\arogyamitra-react\\node_modules\\@rollup\\rollup-linux-x64-musl'
67 silly reify ]
68 verbose reify failed optional dependency E:\ME-RIISE enthroprosis\arogyamitra-react\node_modules\@rollup\rollup-linux-x64-gnu
69 silly reify mark deleted [
69 silly reify   'E:\\ME-RIISE enthroprosis\\arogyamitra-react\\node_modules\\@rollup\\rollup-linux-x64-gnu'
69 silly reify ]
70 verbose reify failed optional dependency E:\ME-RIISE enthroprosis\arogyamitra-react\node_modules\@rollup\rollup-linux-s390x-gnu
71 silly reify mark deleted [
71 silly reify   'E:\\ME-RIISE enthroprosis\\arogyamitra-react\\node_modules\\@rollup\\rollup-linux-s390x-gnu'
71 silly reify ]
72 verbose reify failed optional dependency E:\ME-RIISE enthroprosis\arogyamitra-react\node_modules\@rollup\rollup-linux-riscv64-musl
73 silly reify mark deleted [
73 silly reify   'E:\\ME-RIISE enthroprosis\\arogyamitra-react\\node_modules\\@rollup\\rollup-linux-riscv64-musl'
73 silly reify ]
74 verbose reify failed optional dependency E:\ME-RIISE enthroprosis\arogyamitra-react\node_modules\@rollup\rollup-linux-riscv64-gnu
75 silly reify mark deleted [
75 silly reify   'E:\\ME-RIISE enthroprosis\\arogyamitra-react\\node_modules\\@rollup\\rollup-linux-riscv64-gnu'
75 silly reify ]
76 verbose reify failed optional dependency E:\ME-RIISE enthroprosis\arogyamitra-react\node_modules\@rollup\rollup-linux-ppc64-gnu
77 silly reify mark deleted [
77 silly reify   'E:\\ME-RIISE enthroprosis\\arogyamitra-react\\node_modules\\@rollup\\rollup-linux-ppc64-gnu'
77 silly reify ]
78 verbose reify failed optional dependency E:\ME-RIISE enthroprosis\arogyamitra-react\node_modules\@rollup\rollup-linux-loong64-gnu
79 silly reify mark deleted [
79 silly reify   'E:\\ME-RIISE enthroprosis\\arogyamitra-react\\node_modules\\@rollup\\rollup-linux-loong64-gnu'
79 silly reify ]
80 verbose reify failed optional dependency E:\ME-RIISE enthroprosis\arogyamitra-react\node_modules\@rollup\rollup-linux-arm64-musl
81 silly reify mark deleted [
81 silly reify   'E:\\ME-RIISE enthroprosis\\arogyamitra-react\\node_modules\\@rollup\\rollup-linux-arm64-musl'
81 silly reify ]
82 verbose reify failed optional dependency E:\ME-RIISE enthroprosis\arogyamitra-react\node_modules\@rollup\rollup-linux-arm64-gnu
83 silly reify mark deleted [
83 silly reify   'E:\\ME-RIISE enthroprosis\\arogyamitra-react\\node_modules\\@rollup\\rollup-linux-arm64-gnu'
83 silly reify ]
84 verbose reify failed optional dependency E:\ME-RIISE enthroprosis\arogyamitra-react\node_modules\@rollup\rollup-linux-arm-musleabihf
85 silly reify mark deleted [
85 silly reify   'E:\\ME-RIISE enthroprosis\\arogyamitra-react\\node_modules\\@rollup\\rollup-linux-arm-musleabihf'
85 silly reify ]
86 verbose reify failed optional dependency E:\ME-RIISE enthroprosis\arogyamitra-react\node_modules\@rollup\rollup-linux-arm-gnueabihf
87 silly reify mark deleted [
87 silly reify   'E:\\ME-RIISE enthroprosis\\arogyamitra-react\\node_modules\\@rollup\\rollup-linux-arm-gnueabihf'
87 silly reify ]
88 verbose reify failed optional dependency E:\ME-RIISE enthroprosis\arogyamitra-react\node_modules\@rollup\rollup-freebsd-x64
89 silly reify mark deleted [
89 silly reify   'E:\\ME-RIISE enthroprosis\\arogyamitra-react\\node_modules\\@rollup\\rollup-freebsd-x64'
89 silly reify ]
90 verbose reify failed optional dependency E:\ME-RIISE enthroprosis\arogyamitra-react\node_modules\@rollup\rollup-freebsd-arm64
91 silly reify mark deleted [
91 silly reify   'E:\\ME-RIISE enthroprosis\\arogyamitra-react\\node_modules\\@rollup\\rollup-freebsd-arm64'
91 silly reify ]
92 verbose reify failed optional dependency E:\ME-RIISE enthroprosis\arogyamitra-react\node_modules\@rollup\rollup-darwin-x64
93 silly reify mark deleted [
93 silly reify   'E:\\ME-RIISE enthroprosis\\arogyamitra-react\\node_modules\\@rollup\\rollup-darwin-x64'
93 silly reify ]
94 verbose reify failed optional dependency E:\ME-RIISE enthroprosis\arogyamitra-react\node_modules\@rollup\rollup-darwin-arm64
95 silly reify mark deleted [
95 silly reify   'E:\\ME-RIISE enthroprosis\\arogyamitra-react\\node_modules\\@rollup\\rollup-darwin-arm64'
95 silly reify ]
96 verbose reify failed optional dependency E:\ME-RIISE enthroprosis\arogyamitra-react\node_modules\@rollup\rollup-android-arm64
97 silly reify mark deleted [
97 silly reify   'E:\\ME-RIISE enthroprosis\\arogyamitra-react\\node_modules\\@rollup\\rollup-android-arm64'
97 silly reify ]
98 verbose reify failed optional dependency E:\ME-RIISE enthroprosis\arogyamitra-react\node_modules\@rollup\rollup-android-arm-eabi
99 silly reify mark deleted [
99 silly reify   'E:\\ME-RIISE enthroprosis\\arogyamitra-react\\node_modules\\@rollup\\rollup-android-arm-eabi'
99 silly reify ]
100 verbose reify failed optional dependency E:\ME-RIISE enthroprosis\arogyamitra-react\node_modules\@esbuild\win32-ia32
101 silly reify mark deleted [
101 silly reify   'E:\\ME-RIISE enthroprosis\\arogyamitra-react\\node_modules\\@esbuild\\win32-ia32'
101 silly reify ]
102 verbose reify failed optional dependency E:\ME-RIISE enthroprosis\arogyamitra-react\node_modules\@esbuild\win32-arm64
103 silly reify mark deleted [
103 silly reify   'E:\\ME-RIISE enthroprosis\\arogyamitra-react\\node_modules\\@esbuild\\win32-arm64'
103 silly reify ]
104 verbose reify failed optional dependency E:\ME-RIISE enthroprosis\arogyamitra-react\node_modules\@esbuild\sunos-x64
105 silly reify mark deleted [
105 silly reify   'E:\\ME-RIISE enthroprosis\\arogyamitra-react\\node_modules\\@esbuild\\sunos-x64'
105 silly reify ]
106 verbose reify failed optional dependency E:\ME-RIISE enthroprosis\arogyamitra-react\node_modules\@esbuild\openbsd-x64
107 silly reify mark deleted [
107 silly reify   'E:\\ME-RIISE enthroprosis\\arogyamitra-react\\node_modules\\@esbuild\\openbsd-x64'
107 silly reify ]
108 verbose reify failed optional dependency E:\ME-RIISE enthroprosis\arogyamitra-react\node_modules\@esbuild\netbsd-x64
109 silly reify mark deleted [
109 silly reify   'E:\\ME-RIISE enthroprosis\\arogyamitra-react\\node_modules\\@esbuild\\netbsd-x64'
109 silly reify ]
110 verbose reify failed optional dependency E:\ME-RIISE enthroprosis\arogyamitra-react\node_modules\@esbuild\linux-x64
111 silly reify mark deleted [
111 silly reify   'E:\\ME-RIISE enthroprosis\\arogyamitra-react\\node_modules\\@esbuild\\linux-x64'
111 silly reify ]
112 verbose reify failed optional dependency E:\ME-RIISE enthroprosis\arogyamitra-react\node_modules\@esbuild\linux-s390x
113 silly reify mark deleted [
113 silly reify   'E:\\ME-RIISE enthroprosis\\arogyamitra-react\\node_modules\\@esbuild\\linux-s390x'
113 silly reify ]
114 verbose reify failed optional dependency E:\ME-RIISE enthroprosis\arogyamitra-react\node_modules\@esbuild\linux-riscv64
115 silly reify mark deleted [
115 silly reify   'E:\\ME-RIISE enthroprosis\\arogyamitra-react\\node_modules\\@esbuild\\linux-riscv64'
115 silly reify ]
116 verbose reify failed optional dependency E:\ME-RIISE enthroprosis\arogyamitra-react\node_modules\@esbuild\linux-ppc64
117 silly reify mark deleted [
117 silly reify   'E:\\ME-RIISE enthroprosis\\arogyamitra-react\\node_modules\\@esbuild\\linux-ppc64'
117 silly reify ]
118 verbose reify failed optional dependency E:\ME-RIISE enthroprosis\arogyamitra-react\node_modules\@esbuild\linux-mips64el
119 silly reify mark deleted [
119 silly reify   'E:\\ME-RIISE enthroprosis\\arogyamitra-react\\node_modules\\@esbuild\\linux-mips64el'
119 silly reify ]
120 verbose reify failed optional dependency E:\ME-RIISE enthroprosis\arogyamitra-react\node_modules\@esbuild\linux-loong64
121 silly reify mark deleted [
121 silly reify   'E:\\ME-RIISE enthroprosis\\arogyamitra-react\\node_modules\\@esbuild\\linux-loong64'
121 silly reify ]
122 verbose reify failed optional dependency E:\ME-RIISE enthroprosis\arogyamitra-react\node_modules\@esbuild\linux-ia32
123 silly reify mark deleted [
123 silly reify   'E:\\ME-RIISE enthroprosis\\arogyamitra-react\\node_modules\\@esbuild\\linux-ia32'
123 silly reify ]
124 verbose reify failed optional dependency E:\ME-RIISE enthroprosis\arogyamitra-react\node_modules\@esbuild\linux-arm64
125 silly reify mark deleted [
125 silly reify   'E:\\ME-RIISE enthroprosis\\arogyamitra-react\\node_modules\\@esbuild\\linux-arm64'
125 silly reify ]
126 verbose reify failed optional dependency E:\ME-RIISE enthroprosis\arogyamitra-react\node_modules\@esbuild\linux-arm
127 silly reify mark deleted [
127 silly reify   'E:\\ME-RIISE enthroprosis\\arogyamitra-react\\node_modules\\@esbuild\\linux-arm'
127 silly reify ]
128 verbose reify failed optional dependency E:\ME-RIISE enthroprosis\arogyamitra-react\node_modules\@esbuild\freebsd-x64
129 silly reify mark deleted [
129 silly reify   'E:\\ME-RIISE enthroprosis\\arogyamitra-react\\node_modules\\@esbuild\\freebsd-x64'
129 silly reify ]
130 verbose reify failed optional dependency E:\ME-RIISE enthroprosis\arogyamitra-react\node_modules\@esbuild\freebsd-arm64
131 silly reify mark deleted [
131 silly reify   'E:\\ME-RIISE enthroprosis\\arogyamitra-react\\node_modules\\@esbuild\\freebsd-arm64'
131 silly reify ]
132 verbose reify failed optional dependency E:\ME-RIISE enthroprosis\arogyamitra-react\node_modules\@esbuild\darwin-x64
133 silly reify mark deleted [
133 silly reify   'E:\\ME-RIISE enthroprosis\\arogyamitra-react\\node_modules\\@esbuild\\darwin-x64'
133 silly reify ]
134 verbose reify failed optional dependency E:\ME-RIISE enthroprosis\arogyamitra-react\node_modules\@esbuild\darwin-arm64
135 silly reify mark deleted [
135 silly reify   'E:\\ME-RIISE enthroprosis\\arogyamitra-react\\node_modules\\@esbuild\\darwin-arm64'
135 silly reify ]
136 verbose reify failed optional dependency E:\ME-RIISE enthroprosis\arogyamitra-react\node_modules\@esbuild\android-x64
137 silly reify mark deleted [
137 silly reify   'E:\\ME-RIISE enthroprosis\\arogyamitra-react\\node_modules\\@esbuild\\android-x64'
137 silly reify ]
138 verbose reify failed optional dependency E:\ME-RIISE enthroprosis\arogyamitra-react\node_modules\@esbuild\android-arm64
139 silly reify mark deleted [
139 silly reify   'E:\\ME-RIISE enthroprosis\\arogyamitra-react\\node_modules\\@esbuild\\android-arm64'
139 silly reify ]
140 verbose reify failed optional dependency E:\ME-RIISE enthroprosis\arogyamitra-react\node_modules\@esbuild\android-arm
141 silly reify mark deleted [
141 silly reify   'E:\\ME-RIISE enthroprosis\\arogyamitra-react\\node_modules\\@esbuild\\android-arm'
141 silly reify ]
142 verbose reify failed optional dependency E:\ME-RIISE enthroprosis\arogyamitra-react\node_modules\@esbuild\aix-ppc64
143 silly reify mark deleted [
143 silly reify   'E:\\ME-RIISE enthroprosis\\arogyamitra-react\\node_modules\\@esbuild\\aix-ppc64'
143 silly reify ]
144 http fetch POST 200 https://registry.npmjs.org/-/npm/v1/security/advisories/bulk 1661ms
145 silly audit report {
145 silly audit report   '@remix-run/router': [
145 silly audit report     {
145 silly audit report       id: 1112052,
145 silly audit report       url: 'https://github.com/advisories/GHSA-2w69-qvjg-hvjx',
145 silly audit report       title: 'React Router vulnerable to XSS via Open Redirects',
145 silly audit report       severity: 'high',
145 silly audit report       vulnerable_versions: '<=1.23.1',
145 silly audit report       cwe: [Array],
145 silly audit report       cvss: [Object]
145 silly audit report     }
145 silly audit report   ],
145 silly audit report   ajv: [
145 silly audit report     {
145 silly audit report       id: 1113714,
145 silly audit report       url: 'https://github.com/advisories/GHSA-2g4f-4pwh-qvx6',
145 silly audit report       title: 'ajv has ReDoS when using `$data` option',
145 silly audit report       severity: 'moderate',
145 silly audit report       vulnerable_versions: '<6.14.0',
145 silly audit report       cwe: [Array],
145 silly audit report       cvss: [Object]
145 silly audit report     }
145 silly audit report   ],
145 silly audit report   esbuild: [
145 silly audit report     {
145 silly audit report       id: 1102341,
145 silly audit report       url: 'https://github.com/advisories/GHSA-67mh-4wv8-2f99',
145 silly audit report       title: 'esbuild enables any website to send any requests to the development server and read the response',
145 silly audit report       severity: 'moderate',
145 silly audit report       vulnerable_versions: '<=0.24.2',
145 silly audit report       cwe: [Array],
145 silly audit report       cvss: [Object]
145 silly audit report     }
145 silly audit report   ],
145 silly audit report   minimatch: [
145 silly audit report     {
145 silly audit report       id: 1113459,
145 silly audit report       url: 'https://github.com/advisories/GHSA-3ppc-4f35-3m26',
145 silly audit report       title: 'minimatch has a ReDoS via repeated wildcards with non-matching literal in pattern',
145 silly audit report       severity: 'high',
145 silly audit report       vulnerable_versions: '<3.1.3',
145 silly audit report       cwe: [Array],
145 silly audit report       cvss: [Object]
145 silly audit report     },
145 silly audit report     {
145 silly audit report       id: 1113538,
145 silly audit report       url: 'https://github.com/advisories/GHSA-7r86-cg39-jmmj',
145 silly audit report       title: 'minimatch has ReDoS: matchOne() combinatorial backtracking via multiple non-adjacent GLOBSTAR segments',
145 silly audit report       severity: 'high',
145 silly audit report       vulnerable_versions: '<3.1.3',
145 silly audit report       cwe: [Array],
145 silly audit report       cvss: [Object]
145 silly audit report     },
145 silly audit report     {
145 silly audit report       id: 1113546,
145 silly audit report       url: 'https://github.com/advisories/GHSA-23c5-xmqv-rm74',
145 silly audit report       title: 'minimatch ReDoS: nested *() extglobs generate catastrophically backtracking regular expressions',
145 silly audit report       severity: 'high',
145 silly audit report       vulnerable_versions: '<3.1.4',
145 silly audit report       cwe: [Array],
145 silly audit report       cvss: [Object]
145 silly audit report     }
145 silly audit report   ],
145 silly audit report   rollup: [
145 silly audit report     {
145 silly audit report       id: 1113515,
145 silly audit report       url: 'https://github.com/advisories/GHSA-mw96-cpmx-2vgc',
145 silly audit report       title: 'Rollup 4 has Arbitrary File Write via Path Traversal',
145 silly audit report       severity: 'high',
145 silly audit report       vulnerable_versions: '>=4.0.0 <4.59.0',
145 silly audit report       cwe: [Array],
145 silly audit report       cvss: [Object]
145 silly audit report     }
145 silly audit report   ]
145 silly audit report }
146 silly packumentCache corgi:https://registry.npmjs.org/@remix-run%2frouter cache-miss
147 silly packumentCache corgi:https://registry.npmjs.org/ajv cache-miss
148 silly packumentCache corgi:https://registry.npmjs.org/esbuild cache-miss
149 silly packumentCache corgi:https://registry.npmjs.org/minimatch cache-miss
150 silly packumentCache corgi:https://registry.npmjs.org/rollup cache-miss
151 http cache https://registry.npmjs.org/esbuild 31ms (cache hit)
152 silly packumentCache corgi:https://registry.npmjs.org/esbuild set size:879341 disposed:false
153 http cache https://registry.npmjs.org/@remix-run%2frouter 45ms (cache hit)
154 silly packumentCache corgi:https://registry.npmjs.org/@remix-run%2frouter set size:212922 disposed:false
155 http cache https://registry.npmjs.org/minimatch 50ms (cache hit)
156 silly packumentCache corgi:https://registry.npmjs.org/minimatch set size:167610 disposed:false
157 http cache https://registry.npmjs.org/ajv 57ms (cache hit)
158 silly packumentCache corgi:https://registry.npmjs.org/ajv set size:464537 disposed:false
159 http cache https://registry.npmjs.org/rollup 87ms (cache hit)
160 silly packumentCache corgi:https://registry.npmjs.org/rollup set size:2543476 disposed:false
161 silly packumentCache corgi:https://registry.npmjs.org/react-router cache-miss
162 silly packumentCache corgi:https://registry.npmjs.org/react-router-dom cache-miss
163 http cache https://registry.npmjs.org/react-router 17ms (cache hit)
164 silly packumentCache corgi:https://registry.npmjs.org/react-router set size:1286531 disposed:false
165 http cache https://registry.npmjs.org/react-router-dom 47ms (cache hit)
166 silly packumentCache corgi:https://registry.npmjs.org/react-router-dom set size:1026198 disposed:false
167 silly packumentCache corgi:https://registry.npmjs.org/@eslint%2feslintrc cache-miss
168 silly packumentCache corgi:https://registry.npmjs.org/eslint cache-miss
169 http cache https://registry.npmjs.org/@eslint%2feslintrc 19ms (cache hit)
170 silly packumentCache corgi:https://registry.npmjs.org/@eslint%2feslintrc set size:83205 disposed:false
171 http cache https://registry.npmjs.org/eslint 24ms (cache hit)
172 silly packumentCache corgi:https://registry.npmjs.org/eslint set size:1142103 disposed:false
173 silly packumentCache corgi:https://registry.npmjs.org/vite cache-miss
174 http cache https://registry.npmjs.org/vite 16ms (cache hit)
175 silly packumentCache corgi:https://registry.npmjs.org/vite set size:2196538 disposed:false
176 silly packumentCache corgi:https://registry.npmjs.org/@humanwhocodes%2fconfig-array cache-miss
177 silly packumentCache corgi:https://registry.npmjs.org/eslint-plugin-react cache-miss
178 silly packumentCache corgi:https://registry.npmjs.org/glob cache-miss
179 http cache https://registry.npmjs.org/@humanwhocodes%2fconfig-array 25ms (cache hit)
180 silly packumentCache corgi:https://registry.npmjs.org/@humanwhocodes%2fconfig-array set size:69299 disposed:false
181 http cache https://registry.npmjs.org/glob 27ms (cache hit)
182 silly packumentCache corgi:https://registry.npmjs.org/glob set size:199194 disposed:false
183 http cache https://registry.npmjs.org/eslint-plugin-react 33ms (cache hit)
184 silly packumentCache corgi:https://registry.npmjs.org/eslint-plugin-react set size:309843 disposed:false
185 silly packumentCache corgi:https://registry.npmjs.org/@vitejs%2fplugin-react cache-miss
186 http cache https://registry.npmjs.org/@vitejs%2fplugin-react 22ms (cache hit)
187 silly packumentCache corgi:https://registry.npmjs.org/@vitejs%2fplugin-react set size:108650 disposed:false
188 silly ADD
189 silly ADD
190 silly ADD
191 silly ADD
192 silly ADD
193 silly ADD
194 silly ADD
195 silly ADD
196 silly ADD
197 silly ADD
198 silly ADD
199 silly ADD
200 silly ADD
201 silly ADD
202 silly ADD
203 silly ADD
204 silly ADD
205 silly ADD
206 silly ADD
207 silly ADD
208 silly ADD
209 silly ADD
210 silly ADD
211 silly ADD
212 silly ADD
213 silly ADD
214 silly ADD
215 silly ADD
216 silly ADD
217 silly ADD
218 silly ADD
219 silly ADD
220 silly ADD
221 silly ADD
222 silly ADD
223 silly ADD
224 silly ADD
225 silly ADD
226 silly ADD
227 silly ADD
228 silly ADD
229 silly ADD
230 silly ADD
231 verbose cwd E:\ME-RIISE enthroprosis\arogyamitra-react
232 verbose os Windows_NT 10.0.26100
233 verbose node v22.20.0
234 verbose npm  v10.9.3
235 verbose exit 0
236 info ok
